<?xml version="1.0" encoding="UTF-8"?>
<TestRun id="280820ae-fb72-4915-bc5a-eb326db14e97" name="ssi@MARUTHI 2012-01-19 12:56:49" runUser="MARUTHI\ssi" xmlns="http://microsoft.com/schemas/VisualStudio/TeamTest/2006">
  <TestRunConfiguration name="Local Test Run" id="47f3bbc9-b1bf-4318-ab7e-7c113f5da215">
    <Description>This is a default test run configuration for a local test run.</Description>
    <Deployment runDeploymentRoot="D:\sure\program\DOT NET\CS1\console\TestProject1\TestResults\ssi_MARUTHI 2012-01-19 12_56_49" />
    <TestTypeSpecific />
  </TestRunConfiguration>
  <ResultSummary outcome="Completed">
    <Counters total="1" executed="1" passed="1" error="0" failed="0" timeout="0" aborted="0" inconclusive="0" passedButRunAborted="0" notRunnable="0" notExecuted="0" disconnected="0" warning="0" completed="0" inProgress="0" pending="0" />
  </ResultSummary>
  <Times creation="2012-01-19T12:56:49.3750000+05:30" queuing="2012-01-19T12:56:50.7812500+05:30" start="2012-01-19T12:56:50.9531250+05:30" finish="2012-01-19T12:56:51.2343750+05:30" />
  <TestDefinitions>
    <UnitTest name="TestMethod1" storage="d:\sure\program\dot net\cs1\console\testproject1\testproject1\bin\debug\testproject1.dll" id="59863143-3238-122e-4d8a-637b491cc755">
      <Css projectStructure="" iteration="" />
      <Owners>
        <Owner name="" />
      </Owners>
      <Execution id="7966a6c4-270b-4346-b205-bfb02a6e3cb8" />
      <TestMethod codeBase="D:\sure\program\DOT NET\CS1\console\TestProject1\TestProject1\bin\Debug\TestProject1.dll" adapterTypeName="Microsoft.VisualStudio.TestTools.TestTypes.Unit.UnitTestAdapter, Microsoft.VisualStudio.QualityTools.Tips.UnitTest.Adapter, Version=9.0.0.0, Culture=neutral, PublicKeyToken=b03f5f7f11d50a3a" className="TestProject1.UnitTest1, TestProject1" name="TestMethod1" />
    </UnitTest>
  </TestDefinitions>
  <TestLists>
    <TestList name="Results Not in a List" id="8c84fa94-04c1-424b-9868-57a2d4851a1d" />
    <TestList name="All Loaded Results" id="19431567-8539-422a-85d7-44ee4e166bda" />
  </TestLists>
  <TestEntries>
    <TestEntry testId="59863143-3238-122e-4d8a-637b491cc755" executionId="7966a6c4-270b-4346-b205-bfb02a6e3cb8" testListId="8c84fa94-04c1-424b-9868-57a2d4851a1d" />
  </TestEntries>
  <Results>
    <UnitTestResult executionId="7966a6c4-270b-4346-b205-bfb02a6e3cb8" testId="59863143-3238-122e-4d8a-637b491cc755" testName="TestMethod1" computerName="MARUTHI" duration="00:00:00.0202331" startTime="2012-01-19T12:56:50.9843750+05:30" endTime="2012-01-19T12:56:51.1875000+05:30" testType="13cdc9d9-ddb5-4fa4-a97d-d965ccfc6d4b" outcome="Passed" testListId="8c84fa94-04c1-424b-9868-57a2d4851a1d">
      <Output>
      </Output>
    </UnitTestResult>
  </Results>
</TestRun>